=================================================================
  JOURNAL D'EXÉCUTION — compute_zeros_v4.py  (Phase C)
  Projet : Hypothèse de Riemann — hprzeta
=================================================================

  [1] HORODATAGE
      Début            : 20260527_230906
      Fin              : 20260527_231122
      Durée            : 2.14 min  (128.2 s)

  [2] PARAMÈTRES v4
      T_MIN            = 14.0
      T_MAX            = 300.0
      Pas balayage     = 0.05
      TOL_AFFINAGE     = 1e-12
      mpmath.mp.dps    = 35
      illinois_mpfr.so = chargé
      dps_detect       = 15  (détection signe — réduit pour vitesse)
      Détection        = mpmath.siegelz (vrais zéros garantis)
      Affinage         = Illinois C hybride (C si cohérent, sinon mpmath)
      Parallélisme     = séquentiel (v5 prévu)

  [3] RÉSULTATS NUMÉRIQUES
      Zéros trouvés    = 138
      N attendus (Weyl)= 136
      Vitesse moyenne  = 1.08 zéros/s
      t₁  (1er zéro)  = 14.13472514173469
      t_n (dernier)   = 299.84032605372130
      Espacement min  = 0.607885
      Espacement max  = 6.887314
      Espacement moy  = 2.085442

  [4] RÉPARTITION DES MÉTHODES D'AFFINAGE
      echecs                 :     0  (0.0%)
      illinois_C             :     0  (0.0%)
      illinois_C→mpmath      :   138  (100.0%)
      mpmath                 :     0  (0.0%)

  [5] VÉRIFICATION LMFDB
      Score            = 19/20 à < 10⁻¹⁰
      #  1  écart=1.78e-15  ✅
      #  2  écart=0.00e+00  ✅
      #  3  écart=0.00e+00  ✅
      #  4  écart=0.00e+00  ✅
      #  5  écart=0.00e+00  ✅
      #  6  écart=7.11e-15  ✅
      #  7  écart=0.00e+00  ✅
      #  8  écart=0.00e+00  ✅
      #  9  écart=0.00e+00  ✅
      # 10  écart=0.00e+00  ✅
      # 11  écart=7.11e-15  ✅
      # 12  écart=1.42e-13  ✅
      # 13  écart=0.00e+00  ✅
      # 14  écart=7.11e-14  ✅
      # 15  écart=0.00e+00  ✅
      # 16  écart=0.00e+00  ✅
      # 17  écart=0.00e+00  ✅
      # 18  écart=1.42e-14  ✅
      # 19  écart=1.42e-14  ✅
      # 20  écart=8.06e-10  ⚠️ 

  [6] VALIDATION TURING-BACKLUND
      Statut           = ✅ COMPLET
      Zéros manquants  = 0
      T=   59.35  calc=    13  attendus=    11  delta=   -2  ⚠️  SURPLUS +2
      T=  111.03  calc=    34  attendus=    32  delta=   -2  ⚠️  SURPLUS +2
      T=  179.92  calc=    69  attendus=    69  delta=   +0  ✅ OK
      T=  241.05  calc=   103  attendus=   102  delta=   -1  ⚠️  SURPLUS +1
      T=  299.84  calc=   138  attendus=   136  delta=   -2  ⚠️  SURPLUS +2

  [7] FICHIERS GÉNÉRÉS
      CSV → calculs/v4_T300_20260527_230906/zeros_v4_T300_20260527_230906.csv
      LOG → calculs/v4_T300_20260527_230906/execution_v4_T300_20260527_230906.log

  [8] ENVIRONNEMENT
      Python           = 3.12.3
      OS               = Linux 6.17.0-29-generic
      mpmath           = 1.3.0
      CPU cores        = 4

=================================================================
  Fin du journal — 2026-05-27 23:11:22
=================================================================