=================================================================
  JOURNAL D'EXÉCUTION — compute_zeros_v4.py  (Phase C)
  Projet : Hypothèse de Riemann — hprzeta
=================================================================

  [1] HORODATAGE
      Début            : 20260524_184127
      Fin              : 20260524_184134
      Durée            : 0.03 min  (1.7 s)

  [2] PARAMÈTRES v4
      T_MIN            = 14.0
      T_MAX            = 80.0
      Pas balayage     = 0.05
      TOL_AFFINAGE     = 1e-12
      mpmath.mp.dps    = 35
      illinois_mpfr.so = chargé
      dps_detect       = 15  (détection signe — réduit pour vitesse)
      Détection        = mpmath.siegelz (vrais zéros garantis)
      Affinage         = Illinois C hybride (C si cohérent, sinon mpmath)
      Parallélisme     = séquentiel (v5 prévu)

  [3] RÉSULTATS NUMÉRIQUES
      Zéros trouvés    = 21
      N attendus (Weyl)= 19
      Vitesse moyenne  = 12.06 zéros/s
      t₁  (1er zéro)  = 14.13472514173469
      t_n (dernier)   = 79.33737502024937
      Espacement min  = 1.440149
      Espacement max  = 6.887314
      Espacement moy  = 3.260132

  [4] RÉPARTITION DES MÉTHODES D'AFFINAGE
      echecs                 :     0  (0.0%)
      illinois_C             :     0  (0.0%)
      illinois_C→mpmath      :    21  (100.0%)
      mpmath                 :     0  (0.0%)

  [5] VÉRIFICATION LMFDB
      Score            = 19/20 à < 10⁻¹⁰
      #  1  écart=1.78e-15  ✅
      #  2  écart=0.00e+00  ✅
      #  3  écart=0.00e+00  ✅
      #  4  écart=0.00e+00  ✅
      #  5  écart=0.00e+00  ✅
      #  6  écart=7.11e-15  ✅
      #  7  écart=0.00e+00  ✅
      #  8  écart=0.00e+00  ✅
      #  9  écart=0.00e+00  ✅
      # 10  écart=0.00e+00  ✅
      # 11  écart=7.11e-15  ✅
      # 12  écart=1.42e-13  ✅
      # 13  écart=0.00e+00  ✅
      # 14  écart=7.11e-14  ✅
      # 15  écart=0.00e+00  ✅
      # 16  écart=0.00e+00  ✅
      # 17  écart=0.00e+00  ✅
      # 18  écart=1.42e-14  ✅
      # 19  écart=1.42e-14  ✅
      # 20  écart=8.06e-10  ⚠️ 

  [6] VALIDATION TURING-BACKLUND
      Statut           = ✅ COMPLET
      Zéros manquants  = 0
      T=   21.02  calc=     2  attendus=     1  delta=   -1  ⚠️  SURPLUS +1
      T=   32.94  calc=     5  attendus=     5  delta=   +0  ✅ OK
      T=   49.77  calc=    10  attendus=     9  delta=   -1  ⚠️  SURPLUS +1
      T=   65.11  calc=    15  attendus=    13  delta=   -2  ⚠️  SURPLUS +2
      T=   79.34  calc=    21  attendus=    21  delta=   +0  ✅ OK

  [7] FICHIERS GÉNÉRÉS
      CSV → calculs/v4_T80_20260524_184127/zeros_v4_T80_20260524_184127.csv
      LOG → calculs/v4_T80_20260524_184127/execution_v4_T80_20260524_184127.log

  [8] ENVIRONNEMENT
      Python           = 3.12.3
      OS               = Linux 6.17.0-29-generic
      mpmath           = 1.3.0
      CPU cores        = 4

=================================================================
  Fin du journal — 2026-05-24 18:41:34
=================================================================