=================================================================
  JOURNAL D'EXÉCUTION — compute_zeros_v4.py  (Phase C)
  Projet : Hypothèse de Riemann — hprzeta
=================================================================

  [1] HORODATAGE
      Début            : 20260527_232857
      Fin              : 20260527_233747
      Durée            : 8.64 min  (518.6 s)

  [2] PARAMÈTRES v4
      T_MIN            = 14.0
      T_MAX            = 650.0
      Pas balayage     = 0.05
      TOL_AFFINAGE     = 1e-12
      mpmath.mp.dps    = 35
      illinois_mpfr.so = chargé
      dps_detect       = 15  (détection signe — réduit pour vitesse)
      Détection        = mpmath.siegelz (vrais zéros garantis)
      Affinage         = Illinois C hybride (C si cohérent, sinon mpmath)
      Parallélisme     = séquentiel (v5 prévu)

  [3] RÉSULTATS NUMÉRIQUES
      Zéros trouvés    = 377
      N attendus (Weyl)= 376
      Vitesse moyenne  = 0.73 zéros/s
      t₁  (1er zéro)  = 14.13472514173469
      t_n (dernier)   = 648.78640088878240
      Espacement min  = 0.331893
      Espacement max  = 6.887314
      Espacement moy  = 1.687903

  [4] RÉPARTITION DES MÉTHODES D'AFFINAGE
      echecs                 :     0  (0.0%)
      illinois_C             :     0  (0.0%)
      illinois_C→mpmath      :   377  (100.0%)
      mpmath                 :     0  (0.0%)

  [5] VÉRIFICATION LMFDB
      Score            = 19/20 à < 10⁻¹⁰
      #  1  écart=1.78e-15  ✅
      #  2  écart=0.00e+00  ✅
      #  3  écart=0.00e+00  ✅
      #  4  écart=0.00e+00  ✅
      #  5  écart=0.00e+00  ✅
      #  6  écart=7.11e-15  ✅
      #  7  écart=0.00e+00  ✅
      #  8  écart=0.00e+00  ✅
      #  9  écart=0.00e+00  ✅
      # 10  écart=0.00e+00  ✅
      # 11  écart=7.11e-15  ✅
      # 12  écart=1.42e-13  ✅
      # 13  écart=0.00e+00  ✅
      # 14  écart=7.11e-14  ✅
      # 15  écart=0.00e+00  ✅
      # 16  écart=0.00e+00  ✅
      # 17  écart=0.00e+00  ✅
      # 18  écart=1.42e-14  ✅
      # 19  écart=1.42e-14  ✅
      # 20  écart=8.06e-10  ⚠️ 

  [6] VALIDATION TURING-BACKLUND
      Statut           = ✅ COMPLET
      Zéros manquants  = 0
      T=  116.23  calc=    37  attendus=    36  delta=   -1  ⚠️  SURPLUS +1
      T=  224.98  calc=    94  attendus=    94  delta=   +0  ✅ OK
      T=  378.44  calc=   188  attendus=   188  delta=   +0  ✅ OK
      T=  517.59  calc=   282  attendus=   280  delta=   -2  ⚠️  SURPLUS +2
      T=  648.79  calc=   377  attendus=   376  delta=   -1  ⚠️  SURPLUS +1

  [7] FICHIERS GÉNÉRÉS
      CSV → calculs/v4_T650_20260527_232857/zeros_v4_T650_20260527_232857.csv
      LOG → calculs/v4_T650_20260527_232857/execution_v4_T650_20260527_232857.log

  [8] ENVIRONNEMENT
      Python           = 3.12.3
      OS               = Linux 6.17.0-29-generic
      mpmath           = 1.3.0
      CPU cores        = 4

=================================================================
  Fin du journal — 2026-05-27 23:37:47
=================================================================